<?xml version="1.0" encoding="UTF-8" standalone="no"?>
<testsuite failures="14" name="cucumber.runtime.formatter.JUnitFormatter" skipped="0" tests="31" time="12.575059">
<testcase classname="Simulacoes" name="Consultar CPF com restrição" time="4.764741">
<system-out><![CDATA[Given que quero consultar um CPF............................................passed
When consulto um "97093236014"..............................................passed
Then recebo o status code de cpf com restrição..............................passed
]]></system-out>
</testcase>
<testcase classname="Simulacoes" name="Consultar CPF com restrição 2" time="0.249292">
<system-out><![CDATA[Given que quero consultar um CPF............................................passed
When consulto um "60094146012"..............................................passed
Then recebo o status code de cpf com restrição..............................passed
]]></system-out>
</testcase>
<testcase classname="Simulacoes" name="Consultar CPF com restrição 3" time="0.153697">
<system-out><![CDATA[Given que quero consultar um CPF............................................passed
When consulto um "84809766080"..............................................passed
Then recebo o status code de cpf com restrição..............................passed
]]></system-out>
</testcase>
<testcase classname="Simulacoes" name="Consultar CPF com restrição 4" time="0.427969">
<system-out><![CDATA[Given que quero consultar um CPF............................................passed
When consulto um "62648716050"..............................................passed
Then recebo o status code de cpf com restrição..............................passed
]]></system-out>
</testcase>
<testcase classname="Simulacoes" name="Consultar CPF com restrição 5" time="0.187897">
<system-out><![CDATA[Given que quero consultar um CPF............................................passed
When consulto um "26276298085"..............................................passed
Then recebo o status code de cpf com restrição..............................passed
]]></system-out>
</testcase>
<testcase classname="Simulacoes" name="Consultar CPF com restrição 6" time="0.085021">
<system-out><![CDATA[Given que quero consultar um CPF............................................passed
When consulto um "01317496094"..............................................passed
Then recebo o status code de cpf com restrição..............................passed
]]></system-out>
</testcase>
<testcase classname="Simulacoes" name="Consultar CPF com restrição 7" time="0.099541">
<system-out><![CDATA[Given que quero consultar um CPF............................................passed
When consulto um "55856777050"..............................................passed
Then recebo o status code de cpf com restrição..............................passed
]]></system-out>
</testcase>
<testcase classname="Simulacoes" name="Consultar CPF com restrição 8" time="0.19135">
<system-out><![CDATA[Given que quero consultar um CPF............................................passed
When consulto um "19626829001"..............................................passed
Then recebo o status code de cpf com restrição..............................passed
]]></system-out>
</testcase>
<testcase classname="Simulacoes" name="Consultar CPF com restrição 9" time="0.404833">
<system-out><![CDATA[Given que quero consultar um CPF............................................passed
When consulto um "24094592008"..............................................passed
Then recebo o status code de cpf com restrição..............................passed
]]></system-out>
</testcase>
<testcase classname="Simulacoes" name="Consultar CPF com restrição 10" time="0.112947">
<system-out><![CDATA[Given que quero consultar um CPF............................................passed
When consulto um "58063164083"..............................................passed
Then recebo o status code de cpf com restrição..............................passed
]]></system-out>
</testcase>
<testcase classname="Simulacoes" name="Consultar CPF sem restrição" time="0.543133">
<system-out><![CDATA[Given que gero um CPF.......................................................passed
When consulto o CPF gerado..................................................passed
Then recebo o status code de CPF sem restrição..............................passed
]]></system-out>
</testcase>
<testcase classname="Simulacoes" name="Consultar todas as simulações cadastradas" time="1.486687">
<system-out><![CDATA[Given que excluo todas as simulações existentes caso existam................passed
And que configuro uma simulação com sucesso.................................passed
And solicito criar uma simulação............................................passed
And que configuro uma simulação com sucesso.................................passed
And solicito criar uma simulação............................................passed
And solicito consultar todas as simulaçoes cadastradas......................passed
Then deve retornar uma lista com as simulações cadastradas..................passed
]]></system-out>
</testcase>
<testcase classname="Simulacoes" name="Criar simulação com sucesso com extremos mínimos" time="0.213395">
<system-out><![CDATA[Given que configuro uma simulação com sucesso com valores mínimos...........passed
When solicito criar uma simulação...........................................passed
Then deve retornar status code de simulação adicionada......................passed
]]></system-out>
</testcase>
<testcase classname="Simulacoes" name="Criar simulação com sucesso com extremos máximos" time="0.224008">
<system-out><![CDATA[Given que configuro uma simulação com sucesso com valores máximos...........passed
When solicito criar uma simulação...........................................passed
Then deve retornar status code de simulação adicionada......................passed
]]></system-out>
</testcase>
<testcase classname="Simulacoes" name="Retornar erro quando criar simulação com CPF já existente" time="0.432735">
<failure message="java.lang.AssertionError: expected:&lt;409&gt; but was:&lt;400&gt;&#13;&#10;&#9;at org.junit.Assert.fail(Assert.java:88)&#13;&#10;&#9;at org.junit.Assert.failNotEquals(Assert.java:834)&#13;&#10;&#9;at org.junit.Assert.assertEquals(Assert.java:645)&#13;&#10;&#9;at org.junit.Assert.assertEquals(Assert.java:631)&#13;&#10;&#9;at steps.stepdefs.deveRetornarStatusCodeDeSimulaçãoComCPFJáExistente(stepdefs.java:102)&#13;&#10;&#9;at ✽.Then deve retornar status code de simulação com CPF já existente(src/test/java/features/Simulacoes.feature:49)&#13;&#10;"><![CDATA[Given que configuro uma simulação com sucesso...............................passed
And solicito criar uma simulação............................................passed
And configuro uma outra simulação com o mesmo CPF...........................passed
When solicito criar uma simulação...........................................passed
Then deve retornar status code de simulação com CPF já existente............failed

StackTrace:
java.lang.AssertionError: expected:<409> but was:<400>
	at org.junit.Assert.fail(Assert.java:88)
	at org.junit.Assert.failNotEquals(Assert.java:834)
	at org.junit.Assert.assertEquals(Assert.java:645)
	at org.junit.Assert.assertEquals(Assert.java:631)
	at steps.stepdefs.deveRetornarStatusCodeDeSimulaçãoComCPFJáExistente(stepdefs.java:102)
	at ✽.Then deve retornar status code de simulação com CPF já existente(src/test/java/features/Simulacoes.feature:49)
]]></failure>
</testcase>
<testcase classname="Simulacoes" name="Retornar erro quando criar simulação com erro em CPF" time="0.137322">
<failure message="java.lang.AssertionError: expected:&lt;400&gt; but was:&lt;201&gt;&#13;&#10;&#9;at org.junit.Assert.fail(Assert.java:88)&#13;&#10;&#9;at org.junit.Assert.failNotEquals(Assert.java:834)&#13;&#10;&#9;at org.junit.Assert.assertEquals(Assert.java:645)&#13;&#10;&#9;at org.junit.Assert.assertEquals(Assert.java:631)&#13;&#10;&#9;at steps.stepdefs.deveRetornarStatusCodeDeSimulaçãoComProblemaEAMensagemDeErroDeCPF(stepdefs.java:133)&#13;&#10;&#9;at ✽.Then deve retornar status code de simulação com problema e a mensagem de erro de CPF(src/test/java/features/Simulacoes.feature:54)&#13;&#10;"><![CDATA[Given que configuro uma simulação com erro no formato do CPF................passed
When solicito criar uma simulação...........................................passed
Then deve retornar status code de simulação com problema e a mensagem de erro de CPF.failed

StackTrace:
java.lang.AssertionError: expected:<400> but was:<201>
	at org.junit.Assert.fail(Assert.java:88)
	at org.junit.Assert.failNotEquals(Assert.java:834)
	at org.junit.Assert.assertEquals(Assert.java:645)
	at org.junit.Assert.assertEquals(Assert.java:631)
	at steps.stepdefs.deveRetornarStatusCodeDeSimulaçãoComProblemaEAMensagemDeErroDeCPF(stepdefs.java:133)
	at ✽.Then deve retornar status code de simulação com problema e a mensagem de erro de CPF(src/test/java/features/Simulacoes.feature:54)
]]></failure>
</testcase>
<testcase classname="Simulacoes" name="Retornar erro quando criar simulação com erro em nome" time="0.133483">
<failure message="java.lang.AssertionError: expected:&lt;400&gt; but was:&lt;201&gt;&#13;&#10;&#9;at org.junit.Assert.fail(Assert.java:88)&#13;&#10;&#9;at org.junit.Assert.failNotEquals(Assert.java:834)&#13;&#10;&#9;at org.junit.Assert.assertEquals(Assert.java:645)&#13;&#10;&#9;at org.junit.Assert.assertEquals(Assert.java:631)&#13;&#10;&#9;at steps.stepdefs.deveRetornarStatusCodeDeSimulaçãoComProblemaEAMensagemDeErroDeNome(stepdefs.java:148)&#13;&#10;&#9;at ✽.Then deve retornar status code de simulação com problema e a mensagem de erro de nome(src/test/java/features/Simulacoes.feature:59)&#13;&#10;"><![CDATA[Given que configuro uma simulação com caracteres especiais no nome..........passed
When solicito criar uma simulação...........................................passed
Then deve retornar status code de simulação com problema e a mensagem de erro de nome.failed

StackTrace:
java.lang.AssertionError: expected:<400> but was:<201>
	at org.junit.Assert.fail(Assert.java:88)
	at org.junit.Assert.failNotEquals(Assert.java:834)
	at org.junit.Assert.assertEquals(Assert.java:645)
	at org.junit.Assert.assertEquals(Assert.java:631)
	at steps.stepdefs.deveRetornarStatusCodeDeSimulaçãoComProblemaEAMensagemDeErroDeNome(stepdefs.java:148)
	at ✽.Then deve retornar status code de simulação com problema e a mensagem de erro de nome(src/test/java/features/Simulacoes.feature:59)
]]></failure>
</testcase>
<testcase classname="Simulacoes" name="Retornar erro quando criar simulação com erro em email" time="0.283295">
<failure message="java.lang.AssertionError: &#10;Expected: is &quot;não é um endereço de e-mail&quot;&#10;     but: was &quot;E-mail deve ser um e-mail válido&quot;&#13;&#10;&#9;at org.hamcrest.MatcherAssert.assertThat(MatcherAssert.java:18)&#13;&#10;&#9;at org.junit.Assert.assertThat(Assert.java:956)&#13;&#10;&#9;at org.junit.Assert.assertThat(Assert.java:923)&#13;&#10;&#9;at steps.stepdefs.deveRetornarStatusCodeDeSimulaçãoComProblemaEAMensagemDeErroDeEmail(stepdefs.java:164)&#13;&#10;&#9;at ✽.Then deve retornar status code de simulação com problema e a mensagem de erro de email(src/test/java/features/Simulacoes.feature:64)&#13;&#10;"><![CDATA[Given que configuro uma simulação com erro no formato do email..............passed
When solicito criar uma simulação...........................................passed
Then deve retornar status code de simulação com problema e a mensagem de erro de email.failed

StackTrace:
java.lang.AssertionError: 
Expected: is "não é um endereço de e-mail"
     but: was "E-mail deve ser um e-mail válido"
	at org.hamcrest.MatcherAssert.assertThat(MatcherAssert.java:18)
	at org.junit.Assert.assertThat(Assert.java:956)
	at org.junit.Assert.assertThat(Assert.java:923)
	at steps.stepdefs.deveRetornarStatusCodeDeSimulaçãoComProblemaEAMensagemDeErroDeEmail(stepdefs.java:164)
	at ✽.Then deve retornar status code de simulação com problema e a mensagem de erro de email(src/test/java/features/Simulacoes.feature:64)
]]></failure>
</testcase>
<testcase classname="Simulacoes" name="Retornar erro quando criar simulação com erro em regra de valor mínimo" time="0.112894">
<failure message="java.lang.AssertionError: expected:&lt;400&gt; but was:&lt;201&gt;&#13;&#10;&#9;at org.junit.Assert.fail(Assert.java:88)&#13;&#10;&#9;at org.junit.Assert.failNotEquals(Assert.java:834)&#13;&#10;&#9;at org.junit.Assert.assertEquals(Assert.java:645)&#13;&#10;&#9;at org.junit.Assert.assertEquals(Assert.java:631)&#13;&#10;&#9;at steps.stepdefs.deveRetornarStatusCodeDeSimulaçãoComProblemaEAMensagemDeErroDeValorMínimo(stepdefs.java:178)&#13;&#10;&#9;at ✽.Then deve retornar status code de simulação com problema e a mensagem de erro de valor mínimo(src/test/java/features/Simulacoes.feature:69)&#13;&#10;"><![CDATA[Given que configuro uma simulação com valor abaixo do mínimo permitido......passed
When solicito criar uma simulação...........................................passed
Then deve retornar status code de simulação com problema e a mensagem de erro de valor mínimo.failed

StackTrace:
java.lang.AssertionError: expected:<400> but was:<201>
	at org.junit.Assert.fail(Assert.java:88)
	at org.junit.Assert.failNotEquals(Assert.java:834)
	at org.junit.Assert.assertEquals(Assert.java:645)
	at org.junit.Assert.assertEquals(Assert.java:631)
	at steps.stepdefs.deveRetornarStatusCodeDeSimulaçãoComProblemaEAMensagemDeErroDeValorMínimo(stepdefs.java:178)
	at ✽.Then deve retornar status code de simulação com problema e a mensagem de erro de valor mínimo(src/test/java/features/Simulacoes.feature:69)
]]></failure>
</testcase>
<testcase classname="Simulacoes" name="Retornar erro quando criar simulação com erro em regra de valor máximo" time="0.148523">
<system-out><![CDATA[Given que configuro uma simulação com valor acima do máximo permitido.......passed
When solicito criar uma simulação...........................................passed
Then deve retornar status code de simulação com problema e a mensagem de erro de valor máximo.passed
]]></system-out>
</testcase>
<testcase classname="Simulacoes" name="Retornar erro quando criar simulação com erro em regra de parcela mínima" time="0.211923">
<system-out><![CDATA[Given que configuro uma simulação com número de parcelas abaixo do mínimo permitido.passed
When solicito criar uma simulação...........................................passed
Then deve retornar status code de simulação com problema e a mensagem de erro de número de parcelas mínimo.passed
]]></system-out>
</testcase>
<testcase classname="Simulacoes" name="Retornar erro quando criar simulação com erro em regra de parcela máxima" time="0.105627">
<failure message="java.lang.AssertionError: expected:&lt;400&gt; but was:&lt;201&gt;&#13;&#10;&#9;at org.junit.Assert.fail(Assert.java:88)&#13;&#10;&#9;at org.junit.Assert.failNotEquals(Assert.java:834)&#13;&#10;&#9;at org.junit.Assert.assertEquals(Assert.java:645)&#13;&#10;&#9;at org.junit.Assert.assertEquals(Assert.java:631)&#13;&#10;&#9;at steps.stepdefs.deveRetornarStatusCodeDeSimulaçãoComProblemaEAMensagemDeErroDeNúmeroDeParcelasMáximo(stepdefs.java:223)&#13;&#10;&#9;at ✽.Then deve retornar status code de simulação com problema e a mensagem de erro de número de parcelas máximo(src/test/java/features/Simulacoes.feature:84)&#13;&#10;"><![CDATA[Given que configuro uma simulação com número de parcelas acima do máximo permitido.passed
When solicito criar uma simulação...........................................passed
Then deve retornar status code de simulação com problema e a mensagem de erro de número de parcelas máximo.failed

StackTrace:
java.lang.AssertionError: expected:<400> but was:<201>
	at org.junit.Assert.fail(Assert.java:88)
	at org.junit.Assert.failNotEquals(Assert.java:834)
	at org.junit.Assert.assertEquals(Assert.java:645)
	at org.junit.Assert.assertEquals(Assert.java:631)
	at steps.stepdefs.deveRetornarStatusCodeDeSimulaçãoComProblemaEAMensagemDeErroDeNúmeroDeParcelasMáximo(stepdefs.java:223)
	at ✽.Then deve retornar status code de simulação com problema e a mensagem de erro de número de parcelas máximo(src/test/java/features/Simulacoes.feature:84)
]]></failure>
</testcase>
<testcase classname="Simulacoes" name="Alterar atributo CPF da simulação com sucesso" time="0.321209">
<failure message="java.lang.AssertionError: expected:&lt;200&gt; but was:&lt;500&gt;&#13;&#10;&#9;at org.junit.Assert.fail(Assert.java:88)&#13;&#10;&#9;at org.junit.Assert.failNotEquals(Assert.java:834)&#13;&#10;&#9;at org.junit.Assert.assertEquals(Assert.java:645)&#13;&#10;&#9;at org.junit.Assert.assertEquals(Assert.java:631)&#13;&#10;&#9;at steps.stepdefs.deveRetornarStatusCodeDeSimulaçãoAlterada(stepdefs.java:259)&#13;&#10;&#9;at ✽.Then deve retornar status code de simulação alterada(src/test/java/features/Simulacoes.feature:91)&#13;&#10;"><![CDATA[Given que configuro uma simulação com sucesso...............................passed
When solicito criar uma simulação...........................................passed
And informo a alteração que desejo realizar no CPF..........................passed
And solicito alterar a simulação............................................passed
Then deve retornar status code de simulação alterada........................failed

StackTrace:
java.lang.AssertionError: expected:<200> but was:<500>
	at org.junit.Assert.fail(Assert.java:88)
	at org.junit.Assert.failNotEquals(Assert.java:834)
	at org.junit.Assert.assertEquals(Assert.java:645)
	at org.junit.Assert.assertEquals(Assert.java:631)
	at steps.stepdefs.deveRetornarStatusCodeDeSimulaçãoAlterada(stepdefs.java:259)
	at ✽.Then deve retornar status code de simulação alterada(src/test/java/features/Simulacoes.feature:91)
]]></failure>
</testcase>
<testcase classname="Simulacoes" name="Alterar atributo nome da simulação com sucesso" time="0.261892">
<failure message="java.lang.AssertionError: expected:&lt;200&gt; but was:&lt;500&gt;&#13;&#10;&#9;at org.junit.Assert.fail(Assert.java:88)&#13;&#10;&#9;at org.junit.Assert.failNotEquals(Assert.java:834)&#13;&#10;&#9;at org.junit.Assert.assertEquals(Assert.java:645)&#13;&#10;&#9;at org.junit.Assert.assertEquals(Assert.java:631)&#13;&#10;&#9;at steps.stepdefs.deveRetornarStatusCodeDeSimulaçãoAlterada(stepdefs.java:259)&#13;&#10;&#9;at ✽.Then deve retornar status code de simulação alterada(src/test/java/features/Simulacoes.feature:98)&#13;&#10;"><![CDATA[Given que configuro uma simulação com sucesso...............................passed
When solicito criar uma simulação...........................................passed
And informo a alteração que desejo realizar no nome.........................passed
And solicito alterar a simulação............................................passed
Then deve retornar status code de simulação alterada........................failed

StackTrace:
java.lang.AssertionError: expected:<200> but was:<500>
	at org.junit.Assert.fail(Assert.java:88)
	at org.junit.Assert.failNotEquals(Assert.java:834)
	at org.junit.Assert.assertEquals(Assert.java:645)
	at org.junit.Assert.assertEquals(Assert.java:631)
	at steps.stepdefs.deveRetornarStatusCodeDeSimulaçãoAlterada(stepdefs.java:259)
	at ✽.Then deve retornar status code de simulação alterada(src/test/java/features/Simulacoes.feature:98)
]]></failure>
</testcase>
<testcase classname="Simulacoes" name="Alterar atributo email da simulação com sucesso" time="0.231387">
<failure message="java.lang.AssertionError: expected:&lt;200&gt; but was:&lt;500&gt;&#13;&#10;&#9;at org.junit.Assert.fail(Assert.java:88)&#13;&#10;&#9;at org.junit.Assert.failNotEquals(Assert.java:834)&#13;&#10;&#9;at org.junit.Assert.assertEquals(Assert.java:645)&#13;&#10;&#9;at org.junit.Assert.assertEquals(Assert.java:631)&#13;&#10;&#9;at steps.stepdefs.deveRetornarStatusCodeDeSimulaçãoAlterada(stepdefs.java:259)&#13;&#10;&#9;at ✽.Then deve retornar status code de simulação alterada(src/test/java/features/Simulacoes.feature:105)&#13;&#10;"><![CDATA[Given que configuro uma simulação com sucesso...............................passed
When solicito criar uma simulação...........................................passed
And informo a alteração que desejo realizar no email........................passed
And solicito alterar a simulação............................................passed
Then deve retornar status code de simulação alterada........................failed

StackTrace:
java.lang.AssertionError: expected:<200> but was:<500>
	at org.junit.Assert.fail(Assert.java:88)
	at org.junit.Assert.failNotEquals(Assert.java:834)
	at org.junit.Assert.assertEquals(Assert.java:645)
	at org.junit.Assert.assertEquals(Assert.java:631)
	at steps.stepdefs.deveRetornarStatusCodeDeSimulaçãoAlterada(stepdefs.java:259)
	at ✽.Then deve retornar status code de simulação alterada(src/test/java/features/Simulacoes.feature:105)
]]></failure>
</testcase>
<testcase classname="Simulacoes" name="Alterar atributo valor da simulação com sucesso" time="0.282197">
<failure message="java.lang.AssertionError: expected:&lt;200&gt; but was:&lt;500&gt;&#13;&#10;&#9;at org.junit.Assert.fail(Assert.java:88)&#13;&#10;&#9;at org.junit.Assert.failNotEquals(Assert.java:834)&#13;&#10;&#9;at org.junit.Assert.assertEquals(Assert.java:645)&#13;&#10;&#9;at org.junit.Assert.assertEquals(Assert.java:631)&#13;&#10;&#9;at steps.stepdefs.deveRetornarStatusCodeDeSimulaçãoAlterada(stepdefs.java:259)&#13;&#10;&#9;at ✽.Then deve retornar status code de simulação alterada(src/test/java/features/Simulacoes.feature:112)&#13;&#10;"><![CDATA[Given que configuro uma simulação com sucesso...............................passed
When solicito criar uma simulação...........................................passed
And informo a alteração que desejo realizar no valor........................passed
And solicito alterar a simulação............................................passed
Then deve retornar status code de simulação alterada........................failed

StackTrace:
java.lang.AssertionError: expected:<200> but was:<500>
	at org.junit.Assert.fail(Assert.java:88)
	at org.junit.Assert.failNotEquals(Assert.java:834)
	at org.junit.Assert.assertEquals(Assert.java:645)
	at org.junit.Assert.assertEquals(Assert.java:631)
	at steps.stepdefs.deveRetornarStatusCodeDeSimulaçãoAlterada(stepdefs.java:259)
	at ✽.Then deve retornar status code de simulação alterada(src/test/java/features/Simulacoes.feature:112)
]]></failure>
</testcase>
<testcase classname="Simulacoes" name="Alterar atributo parcelas da simulação com sucesso" time="0.255611">
<failure message="java.lang.AssertionError: expected:&lt;200&gt; but was:&lt;500&gt;&#13;&#10;&#9;at org.junit.Assert.fail(Assert.java:88)&#13;&#10;&#9;at org.junit.Assert.failNotEquals(Assert.java:834)&#13;&#10;&#9;at org.junit.Assert.assertEquals(Assert.java:645)&#13;&#10;&#9;at org.junit.Assert.assertEquals(Assert.java:631)&#13;&#10;&#9;at steps.stepdefs.deveRetornarStatusCodeDeSimulaçãoAlterada(stepdefs.java:259)&#13;&#10;&#9;at ✽.Then deve retornar status code de simulação alterada(src/test/java/features/Simulacoes.feature:119)&#13;&#10;"><![CDATA[Given que configuro uma simulação com sucesso...............................passed
When solicito criar uma simulação...........................................passed
And informo a alteração que desejo realizar no número de parcelas...........passed
And solicito alterar a simulação............................................passed
Then deve retornar status code de simulação alterada........................failed

StackTrace:
java.lang.AssertionError: expected:<200> but was:<500>
	at org.junit.Assert.fail(Assert.java:88)
	at org.junit.Assert.failNotEquals(Assert.java:834)
	at org.junit.Assert.assertEquals(Assert.java:645)
	at org.junit.Assert.assertEquals(Assert.java:631)
	at steps.stepdefs.deveRetornarStatusCodeDeSimulaçãoAlterada(stepdefs.java:259)
	at ✽.Then deve retornar status code de simulação alterada(src/test/java/features/Simulacoes.feature:119)
]]></failure>
</testcase>
<testcase classname="Simulacoes" name="Alterar atributo seguro da simulação com sucesso" time="0.185105">
<system-out><![CDATA[Given que configuro uma simulação com sucesso...............................passed
When solicito criar uma simulação...........................................passed
And informo a alteração que desejo realizar no seguro.......................passed
And solicito alterar a simulação............................................passed
Then deve retornar status code de simulação alterada........................passed
]]></system-out>
</testcase>
<testcase classname="Simulacoes" name="Retornar erro quando solicitar alteração em CPF não existente" time="0.068296">
<failure message="java.lang.AssertionError: expected:&lt;404&gt; but was:&lt;400&gt;&#13;&#10;&#9;at org.junit.Assert.fail(Assert.java:88)&#13;&#10;&#9;at org.junit.Assert.failNotEquals(Assert.java:834)&#13;&#10;&#9;at org.junit.Assert.assertEquals(Assert.java:645)&#13;&#10;&#9;at org.junit.Assert.assertEquals(Assert.java:631)&#13;&#10;&#9;at steps.stepdefs.deveRetornarStatusCodeDeCPFNãoEncontrado(stepdefs.java:301)&#13;&#10;&#9;at ✽.Then deve retornar status code de CPF não encontrado(src/test/java/features/Simulacoes.feature:131)&#13;&#10;"><![CDATA[Given que tenho um CPF não cadastrado.......................................passed
When solicito alterar a simulação...........................................passed
Then deve retornar status code de CPF não encontrado........................failed

StackTrace:
java.lang.AssertionError: expected:<404> but was:<400>
	at org.junit.Assert.fail(Assert.java:88)
	at org.junit.Assert.failNotEquals(Assert.java:834)
	at org.junit.Assert.assertEquals(Assert.java:645)
	at org.junit.Assert.assertEquals(Assert.java:631)
	at steps.stepdefs.deveRetornarStatusCodeDeCPFNãoEncontrado(stepdefs.java:301)
	at ✽.Then deve retornar status code de CPF não encontrado(src/test/java/features/Simulacoes.feature:131)
]]></failure>
</testcase>
<testcase classname="Simulacoes" name="Remover simulação com sucesso" time="0.212857">
<failure message="java.lang.AssertionError: expected:&lt;204&gt; but was:&lt;200&gt;&#13;&#10;&#9;at org.junit.Assert.fail(Assert.java:88)&#13;&#10;&#9;at org.junit.Assert.failNotEquals(Assert.java:834)&#13;&#10;&#9;at org.junit.Assert.assertEquals(Assert.java:645)&#13;&#10;&#9;at org.junit.Assert.assertEquals(Assert.java:631)&#13;&#10;&#9;at steps.stepdefs.deveRetornarStatusCodeDeDeletadaComSucesso(stepdefs.java:317)&#13;&#10;&#9;at ✽.Then deve retornar status code de deletada com sucesso(src/test/java/features/Simulacoes.feature:138)&#13;&#10;"><![CDATA[Given que configuro uma simulação com sucesso...............................passed
And solicito criar uma simulação............................................passed
And extraio o id da simulação...............................................passed
When solicito deletar a simulação...........................................passed
Then deve retornar status code de deletada com sucesso......................failed

StackTrace:
java.lang.AssertionError: expected:<204> but was:<200>
	at org.junit.Assert.fail(Assert.java:88)
	at org.junit.Assert.failNotEquals(Assert.java:834)
	at org.junit.Assert.assertEquals(Assert.java:645)
	at org.junit.Assert.assertEquals(Assert.java:631)
	at steps.stepdefs.deveRetornarStatusCodeDeDeletadaComSucesso(stepdefs.java:317)
	at ✽.Then deve retornar status code de deletada com sucesso(src/test/java/features/Simulacoes.feature:138)
]]></failure>
</testcase>
<testcase classname="Simulacoes" name="Retornar erro quando remover simulação inexistente" time="0.046192">
<failure message="java.lang.AssertionError: expected:&lt;404&gt; but was:&lt;200&gt;&#13;&#10;&#9;at org.junit.Assert.fail(Assert.java:88)&#13;&#10;&#9;at org.junit.Assert.failNotEquals(Assert.java:834)&#13;&#10;&#9;at org.junit.Assert.assertEquals(Assert.java:645)&#13;&#10;&#9;at org.junit.Assert.assertEquals(Assert.java:631)&#13;&#10;&#9;at steps.stepdefs.deveRetornarStatusCodeDeSimulaçãoNãoEncontrada(stepdefs.java:328)&#13;&#10;&#9;at ✽.Then deve retornar status code de simulação não encontrada(src/test/java/features/Simulacoes.feature:143)&#13;&#10;"><![CDATA[Given que possuo um Id inexistente..........................................passed
When solicito deletar a simulação...........................................passed
Then deve retornar status code de simulação não encontrada..................failed

StackTrace:
java.lang.AssertionError: expected:<404> but was:<200>
	at org.junit.Assert.fail(Assert.java:88)
	at org.junit.Assert.failNotEquals(Assert.java:834)
	at org.junit.Assert.assertEquals(Assert.java:645)
	at org.junit.Assert.assertEquals(Assert.java:631)
	at steps.stepdefs.deveRetornarStatusCodeDeSimulaçãoNãoEncontrada(stepdefs.java:328)
	at ✽.Then deve retornar status code de simulação não encontrada(src/test/java/features/Simulacoes.feature:143)
]]></failure>
</testcase>
</testsuite>
