<?xml version="1.0" encoding="UTF-8" standalone="no"?>
<testsuite failures="12" name="cucumber.runtime.formatter.JUnitFormatter" skipped="0" tests="28" time="9.195563">
<testcase classname="Simulacoes" name="Consultar CPF com restrição" time="4.960723">
<system-out><![CDATA[Given que quero consultar um CPF............................................passed
When consulto um "97093236014"..............................................passed
Then recebo o status code de cpf com restrição..............................passed
]]></system-out>
</testcase>
<testcase classname="Simulacoes" name="Consultar CPF com restrição 2" time="0.062555">
<system-out><![CDATA[Given que quero consultar um CPF............................................passed
When consulto um "60094146012"..............................................passed
Then recebo o status code de cpf com restrição..............................passed
]]></system-out>
</testcase>
<testcase classname="Simulacoes" name="Consultar CPF com restrição 3" time="0.047055">
<system-out><![CDATA[Given que quero consultar um CPF............................................passed
When consulto um "84809766080"..............................................passed
Then recebo o status code de cpf com restrição..............................passed
]]></system-out>
</testcase>
<testcase classname="Simulacoes" name="Consultar CPF com restrição 4" time="0.061145">
<system-out><![CDATA[Given que quero consultar um CPF............................................passed
When consulto um "62648716050"..............................................passed
Then recebo o status code de cpf com restrição..............................passed
]]></system-out>
</testcase>
<testcase classname="Simulacoes" name="Consultar CPF com restrição 5" time="0.044949">
<system-out><![CDATA[Given que quero consultar um CPF............................................passed
When consulto um "26276298085"..............................................passed
Then recebo o status code de cpf com restrição..............................passed
]]></system-out>
</testcase>
<testcase classname="Simulacoes" name="Consultar CPF com restrição 6" time="0.076586">
<system-out><![CDATA[Given que quero consultar um CPF............................................passed
When consulto um "01317496094"..............................................passed
Then recebo o status code de cpf com restrição..............................passed
]]></system-out>
</testcase>
<testcase classname="Simulacoes" name="Consultar CPF com restrição 7" time="0.047733">
<system-out><![CDATA[Given que quero consultar um CPF............................................passed
When consulto um "55856777050"..............................................passed
Then recebo o status code de cpf com restrição..............................passed
]]></system-out>
</testcase>
<testcase classname="Simulacoes" name="Consultar CPF com restrição 8" time="0.058983">
<system-out><![CDATA[Given que quero consultar um CPF............................................passed
When consulto um "19626829001"..............................................passed
Then recebo o status code de cpf com restrição..............................passed
]]></system-out>
</testcase>
<testcase classname="Simulacoes" name="Consultar CPF com restrição 9" time="0.048215">
<system-out><![CDATA[Given que quero consultar um CPF............................................passed
When consulto um "24094592008"..............................................passed
Then recebo o status code de cpf com restrição..............................passed
]]></system-out>
</testcase>
<testcase classname="Simulacoes" name="Consultar CPF com restrição 10" time="0.053539">
<system-out><![CDATA[Given que quero consultar um CPF............................................passed
When consulto um "58063164083"..............................................passed
Then recebo o status code de cpf com restrição..............................passed
]]></system-out>
</testcase>
<testcase classname="Simulacoes" name="Consultar CPF sem restrição" time="0.116633">
<system-out><![CDATA[Given que gero um CPF.......................................................passed
When consulto o CPF gerado..................................................passed
Then recebo o status code de CPF sem restrição..............................passed
]]></system-out>
</testcase>
<testcase classname="Simulacoes" name="Consultar todas as simulações cadastradas" time="1.103952">
<system-out><![CDATA[Given que excluo todas as simulações existentes caso existam................passed
And que configuro uma simulação com sucesso.................................passed
And solicito criar uma simulação............................................passed
And que configuro uma simulação com sucesso.................................passed
And solicito criar uma simulação............................................passed
And solicito consultar todas as simulaçoes cadastradas......................passed
Then deve retornar uma lista com as simulações cadastradas..................passed
]]></system-out>
</testcase>
<testcase classname="Simulacoes" name="Criar simulação com sucesso com extremos mínimos" time="0.101421">
<system-out><![CDATA[Given que configuro uma simulação com sucesso com valores mínimos...........passed
When solicito criar uma simulação...........................................passed
Then deve retornar status code de simulação adicionada......................passed
]]></system-out>
</testcase>
<testcase classname="Simulacoes" name="Criar simulação com sucesso com extremos máximos" time="0.074489">
<system-out><![CDATA[Given que configuro uma simulação com sucesso com valores máximos...........passed
When solicito criar uma simulação...........................................passed
Then deve retornar status code de simulação adicionada......................passed
]]></system-out>
</testcase>
<testcase classname="Simulacoes" name="Retornar erro quando criar simulação com CPF já existente" time="0.266232">
<failure message="java.lang.AssertionError: expected:&lt;409&gt; but was:&lt;400&gt;&#13;&#10;&#9;at org.junit.Assert.fail(Assert.java:88)&#13;&#10;&#9;at org.junit.Assert.failNotEquals(Assert.java:834)&#13;&#10;&#9;at org.junit.Assert.assertEquals(Assert.java:645)&#13;&#10;&#9;at org.junit.Assert.assertEquals(Assert.java:631)&#13;&#10;&#9;at steps.stepdefs.deveRetornarStatusCodeDeSimulaçãoComCPFJáExistente(stepdefs.java:100)&#13;&#10;&#9;at ✽.Then deve retornar status code de simulação com CPF já existente(src/test/java/features/Simulacoes.feature:49)&#13;&#10;"><![CDATA[Given que configuro uma simulação com sucesso...............................passed
And solicito criar uma simulação............................................passed
And configuro uma outra simulação com o mesmo CPF...........................passed
When solicito criar uma simulação...........................................passed
Then deve retornar status code de simulação com CPF já existente............failed

StackTrace:
java.lang.AssertionError: expected:<409> but was:<400>
	at org.junit.Assert.fail(Assert.java:88)
	at org.junit.Assert.failNotEquals(Assert.java:834)
	at org.junit.Assert.assertEquals(Assert.java:645)
	at org.junit.Assert.assertEquals(Assert.java:631)
	at steps.stepdefs.deveRetornarStatusCodeDeSimulaçãoComCPFJáExistente(stepdefs.java:100)
	at ✽.Then deve retornar status code de simulação com CPF já existente(src/test/java/features/Simulacoes.feature:49)
]]></failure>
</testcase>
<testcase classname="Simulacoes" name="Retornar erro quando criar simulação com erro em CPF" time="0.095349">
<failure message="java.lang.AssertionError: expected:&lt;400&gt; but was:&lt;201&gt;&#13;&#10;&#9;at org.junit.Assert.fail(Assert.java:88)&#13;&#10;&#9;at org.junit.Assert.failNotEquals(Assert.java:834)&#13;&#10;&#9;at org.junit.Assert.assertEquals(Assert.java:645)&#13;&#10;&#9;at org.junit.Assert.assertEquals(Assert.java:631)&#13;&#10;&#9;at steps.stepdefs.deveRetornarStatusCodeDeSimulaçãoComProblemaEAMensagemDeErroDeCPF(stepdefs.java:131)&#13;&#10;&#9;at ✽.Then deve retornar status code de simulação com problema e a mensagem de erro de CPF(src/test/java/features/Simulacoes.feature:54)&#13;&#10;"><![CDATA[Given que configuro uma simulação com erro no formato do CPF................passed
When solicito criar uma simulação...........................................passed
Then deve retornar status code de simulação com problema e a mensagem de erro de CPF.failed

StackTrace:
java.lang.AssertionError: expected:<400> but was:<201>
	at org.junit.Assert.fail(Assert.java:88)
	at org.junit.Assert.failNotEquals(Assert.java:834)
	at org.junit.Assert.assertEquals(Assert.java:645)
	at org.junit.Assert.assertEquals(Assert.java:631)
	at steps.stepdefs.deveRetornarStatusCodeDeSimulaçãoComProblemaEAMensagemDeErroDeCPF(stepdefs.java:131)
	at ✽.Then deve retornar status code de simulação com problema e a mensagem de erro de CPF(src/test/java/features/Simulacoes.feature:54)
]]></failure>
</testcase>
<testcase classname="Simulacoes" name="Retornar erro quando criar simulação com erro em nome" time="0.106798">
<failure message="java.lang.AssertionError: expected:&lt;400&gt; but was:&lt;201&gt;&#13;&#10;&#9;at org.junit.Assert.fail(Assert.java:88)&#13;&#10;&#9;at org.junit.Assert.failNotEquals(Assert.java:834)&#13;&#10;&#9;at org.junit.Assert.assertEquals(Assert.java:645)&#13;&#10;&#9;at org.junit.Assert.assertEquals(Assert.java:631)&#13;&#10;&#9;at steps.stepdefs.deveRetornarStatusCodeDeSimulaçãoComProblemaEAMensagemDeErroDeNome(stepdefs.java:146)&#13;&#10;&#9;at ✽.Then deve retornar status code de simulação com problema e a mensagem de erro de nome(src/test/java/features/Simulacoes.feature:59)&#13;&#10;"><![CDATA[Given que configuro uma simulação com caracteres especiais no nome..........passed
When solicito criar uma simulação...........................................passed
Then deve retornar status code de simulação com problema e a mensagem de erro de nome.failed

StackTrace:
java.lang.AssertionError: expected:<400> but was:<201>
	at org.junit.Assert.fail(Assert.java:88)
	at org.junit.Assert.failNotEquals(Assert.java:834)
	at org.junit.Assert.assertEquals(Assert.java:645)
	at org.junit.Assert.assertEquals(Assert.java:631)
	at steps.stepdefs.deveRetornarStatusCodeDeSimulaçãoComProblemaEAMensagemDeErroDeNome(stepdefs.java:146)
	at ✽.Then deve retornar status code de simulação com problema e a mensagem de erro de nome(src/test/java/features/Simulacoes.feature:59)
]]></failure>
</testcase>
<testcase classname="Simulacoes" name="Retornar erro quando criar simulação com erro em email" time="0.132948">
<failure message="java.lang.AssertionError: &#10;Expected: is &quot;não é um endereço de e-mail&quot;&#10;     but: was &quot;E-mail deve ser um e-mail válido&quot;&#13;&#10;&#9;at org.hamcrest.MatcherAssert.assertThat(MatcherAssert.java:18)&#13;&#10;&#9;at org.junit.Assert.assertThat(Assert.java:956)&#13;&#10;&#9;at org.junit.Assert.assertThat(Assert.java:923)&#13;&#10;&#9;at steps.stepdefs.deveRetornarStatusCodeDeSimulaçãoComProblemaEAMensagemDeErroDeEmail(stepdefs.java:162)&#13;&#10;&#9;at ✽.Then deve retornar status code de simulação com problema e a mensagem de erro de email(src/test/java/features/Simulacoes.feature:64)&#13;&#10;"><![CDATA[Given que configuro uma simulação com erro no formato do email..............passed
When solicito criar uma simulação...........................................passed
Then deve retornar status code de simulação com problema e a mensagem de erro de email.failed

StackTrace:
java.lang.AssertionError: 
Expected: is "não é um endereço de e-mail"
     but: was "E-mail deve ser um e-mail válido"
	at org.hamcrest.MatcherAssert.assertThat(MatcherAssert.java:18)
	at org.junit.Assert.assertThat(Assert.java:956)
	at org.junit.Assert.assertThat(Assert.java:923)
	at steps.stepdefs.deveRetornarStatusCodeDeSimulaçãoComProblemaEAMensagemDeErroDeEmail(stepdefs.java:162)
	at ✽.Then deve retornar status code de simulação com problema e a mensagem de erro de email(src/test/java/features/Simulacoes.feature:64)
]]></failure>
</testcase>
<testcase classname="Simulacoes" name="Retornar erro quando criar simulação com erro em regra de valor mínimo" time="0.100317">
<failure message="java.lang.AssertionError: expected:&lt;400&gt; but was:&lt;201&gt;&#13;&#10;&#9;at org.junit.Assert.fail(Assert.java:88)&#13;&#10;&#9;at org.junit.Assert.failNotEquals(Assert.java:834)&#13;&#10;&#9;at org.junit.Assert.assertEquals(Assert.java:645)&#13;&#10;&#9;at org.junit.Assert.assertEquals(Assert.java:631)&#13;&#10;&#9;at steps.stepdefs.deveRetornarStatusCodeDeSimulaçãoComProblemaEAMensagemDeErroDeValorMínimo(stepdefs.java:176)&#13;&#10;&#9;at ✽.Then deve retornar status code de simulação com problema e a mensagem de erro de valor mínimo(src/test/java/features/Simulacoes.feature:69)&#13;&#10;"><![CDATA[Given que configuro uma simulação com valor abaixo do mínimo permitido......passed
When solicito criar uma simulação...........................................passed
Then deve retornar status code de simulação com problema e a mensagem de erro de valor mínimo.failed

StackTrace:
java.lang.AssertionError: expected:<400> but was:<201>
	at org.junit.Assert.fail(Assert.java:88)
	at org.junit.Assert.failNotEquals(Assert.java:834)
	at org.junit.Assert.assertEquals(Assert.java:645)
	at org.junit.Assert.assertEquals(Assert.java:631)
	at steps.stepdefs.deveRetornarStatusCodeDeSimulaçãoComProblemaEAMensagemDeErroDeValorMínimo(stepdefs.java:176)
	at ✽.Then deve retornar status code de simulação com problema e a mensagem de erro de valor mínimo(src/test/java/features/Simulacoes.feature:69)
]]></failure>
</testcase>
<testcase classname="Simulacoes" name="Retornar erro quando criar simulação com erro em regra de valor máximo" time="0.128263">
<system-out><![CDATA[Given que configuro uma simulação com valor acima do máximo permitido.......passed
When solicito criar uma simulação...........................................passed
Then deve retornar status code de simulação com problema e a mensagem de erro de valor máximo.passed
]]></system-out>
</testcase>
<testcase classname="Simulacoes" name="Retornar erro quando criar simulação com erro em regra de parcela mínima" time="0.119063">
<system-out><![CDATA[Given que configuro uma simulação com número de parcelas abaixo do mínimo permitido.passed
When solicito criar uma simulação...........................................passed
Then deve retornar status code de simulação com problema e a mensagem de erro de número de parcelas mínimo.passed
]]></system-out>
</testcase>
<testcase classname="Simulacoes" name="Retornar erro quando criar simulação com erro em regra de parcela máxima" time="0.106023">
<failure message="java.lang.AssertionError: expected:&lt;400&gt; but was:&lt;201&gt;&#13;&#10;&#9;at org.junit.Assert.fail(Assert.java:88)&#13;&#10;&#9;at org.junit.Assert.failNotEquals(Assert.java:834)&#13;&#10;&#9;at org.junit.Assert.assertEquals(Assert.java:645)&#13;&#10;&#9;at org.junit.Assert.assertEquals(Assert.java:631)&#13;&#10;&#9;at steps.stepdefs.deveRetornarStatusCodeDeSimulaçãoComProblemaEAMensagemDeErroDeNúmeroDeParcelasMáximo(stepdefs.java:221)&#13;&#10;&#9;at ✽.Then deve retornar status code de simulação com problema e a mensagem de erro de número de parcelas máximo(src/test/java/features/Simulacoes.feature:84)&#13;&#10;"><![CDATA[Given que configuro uma simulação com número de parcelas acima do máximo permitido.passed
When solicito criar uma simulação...........................................passed
Then deve retornar status code de simulação com problema e a mensagem de erro de número de parcelas máximo.failed

StackTrace:
java.lang.AssertionError: expected:<400> but was:<201>
	at org.junit.Assert.fail(Assert.java:88)
	at org.junit.Assert.failNotEquals(Assert.java:834)
	at org.junit.Assert.assertEquals(Assert.java:645)
	at org.junit.Assert.assertEquals(Assert.java:631)
	at steps.stepdefs.deveRetornarStatusCodeDeSimulaçãoComProblemaEAMensagemDeErroDeNúmeroDeParcelasMáximo(stepdefs.java:221)
	at ✽.Then deve retornar status code de simulação com problema e a mensagem de erro de número de parcelas máximo(src/test/java/features/Simulacoes.feature:84)
]]></failure>
</testcase>
<testcase classname="Simulacoes" name="Alterar atributo CPF da simulação com sucesso" time="0.140824">
<failure message="java.lang.AssertionError: expected:&lt;201&gt; but was:&lt;500&gt;&#13;&#10;&#9;at org.junit.Assert.fail(Assert.java:88)&#13;&#10;&#9;at org.junit.Assert.failNotEquals(Assert.java:834)&#13;&#10;&#9;at org.junit.Assert.assertEquals(Assert.java:645)&#13;&#10;&#9;at org.junit.Assert.assertEquals(Assert.java:631)&#13;&#10;&#9;at steps.stepdefs.deveRetornarStatusCodeDeSimulaçãoAlterada(stepdefs.java:256)&#13;&#10;&#9;at ✽.Then deve retornar status code de simulação alterada(src/test/java/features/Simulacoes.feature:91)&#13;&#10;"><![CDATA[Given que configuro uma simulação com sucesso...............................passed
When solicito criar uma simulação...........................................passed
And informo a alteração que desejo realizar no CPF..........................passed
And solicito alterar a simulação............................................passed
Then deve retornar status code de simulação alterada........................failed

StackTrace:
java.lang.AssertionError: expected:<201> but was:<500>
	at org.junit.Assert.fail(Assert.java:88)
	at org.junit.Assert.failNotEquals(Assert.java:834)
	at org.junit.Assert.assertEquals(Assert.java:645)
	at org.junit.Assert.assertEquals(Assert.java:631)
	at steps.stepdefs.deveRetornarStatusCodeDeSimulaçãoAlterada(stepdefs.java:256)
	at ✽.Then deve retornar status code de simulação alterada(src/test/java/features/Simulacoes.feature:91)
]]></failure>
</testcase>
<testcase classname="Simulacoes" name="Alterar atributo nome da simulação com sucesso" time="0.300371">
<failure message="java.lang.AssertionError: expected:&lt;201&gt; but was:&lt;500&gt;&#13;&#10;&#9;at org.junit.Assert.fail(Assert.java:88)&#13;&#10;&#9;at org.junit.Assert.failNotEquals(Assert.java:834)&#13;&#10;&#9;at org.junit.Assert.assertEquals(Assert.java:645)&#13;&#10;&#9;at org.junit.Assert.assertEquals(Assert.java:631)&#13;&#10;&#9;at steps.stepdefs.deveRetornarStatusCodeDeSimulaçãoAlterada(stepdefs.java:256)&#13;&#10;&#9;at ✽.Then deve retornar status code de simulação alterada(src/test/java/features/Simulacoes.feature:98)&#13;&#10;"><![CDATA[Given que configuro uma simulação com sucesso...............................passed
When solicito criar uma simulação...........................................passed
And informo a alteração que desejo realizar no nome.........................passed
And solicito alterar a simulação............................................passed
Then deve retornar status code de simulação alterada........................failed

StackTrace:
java.lang.AssertionError: expected:<201> but was:<500>
	at org.junit.Assert.fail(Assert.java:88)
	at org.junit.Assert.failNotEquals(Assert.java:834)
	at org.junit.Assert.assertEquals(Assert.java:645)
	at org.junit.Assert.assertEquals(Assert.java:631)
	at steps.stepdefs.deveRetornarStatusCodeDeSimulaçãoAlterada(stepdefs.java:256)
	at ✽.Then deve retornar status code de simulação alterada(src/test/java/features/Simulacoes.feature:98)
]]></failure>
</testcase>
<testcase classname="Simulacoes" name="Alterar atributo email da simulação com sucesso" time="0.236393">
<failure message="java.lang.AssertionError: expected:&lt;201&gt; but was:&lt;500&gt;&#13;&#10;&#9;at org.junit.Assert.fail(Assert.java:88)&#13;&#10;&#9;at org.junit.Assert.failNotEquals(Assert.java:834)&#13;&#10;&#9;at org.junit.Assert.assertEquals(Assert.java:645)&#13;&#10;&#9;at org.junit.Assert.assertEquals(Assert.java:631)&#13;&#10;&#9;at steps.stepdefs.deveRetornarStatusCodeDeSimulaçãoAlterada(stepdefs.java:256)&#13;&#10;&#9;at ✽.Then deve retornar status code de simulação alterada(src/test/java/features/Simulacoes.feature:105)&#13;&#10;"><![CDATA[Given que configuro uma simulação com sucesso...............................passed
When solicito criar uma simulação...........................................passed
And informo a alteração que desejo realizar no email........................passed
And solicito alterar a simulação............................................passed
Then deve retornar status code de simulação alterada........................failed

StackTrace:
java.lang.AssertionError: expected:<201> but was:<500>
	at org.junit.Assert.fail(Assert.java:88)
	at org.junit.Assert.failNotEquals(Assert.java:834)
	at org.junit.Assert.assertEquals(Assert.java:645)
	at org.junit.Assert.assertEquals(Assert.java:631)
	at steps.stepdefs.deveRetornarStatusCodeDeSimulaçãoAlterada(stepdefs.java:256)
	at ✽.Then deve retornar status code de simulação alterada(src/test/java/features/Simulacoes.feature:105)
]]></failure>
</testcase>
<testcase classname="Simulacoes" name="Alterar atributo valor da simulação com sucesso" time="0.202659">
<failure message="java.lang.AssertionError: expected:&lt;201&gt; but was:&lt;500&gt;&#13;&#10;&#9;at org.junit.Assert.fail(Assert.java:88)&#13;&#10;&#9;at org.junit.Assert.failNotEquals(Assert.java:834)&#13;&#10;&#9;at org.junit.Assert.assertEquals(Assert.java:645)&#13;&#10;&#9;at org.junit.Assert.assertEquals(Assert.java:631)&#13;&#10;&#9;at steps.stepdefs.deveRetornarStatusCodeDeSimulaçãoAlterada(stepdefs.java:256)&#13;&#10;&#9;at ✽.Then deve retornar status code de simulação alterada(src/test/java/features/Simulacoes.feature:112)&#13;&#10;"><![CDATA[Given que configuro uma simulação com sucesso...............................passed
When solicito criar uma simulação...........................................passed
And informo a alteração que desejo realizar no valor........................passed
And solicito alterar a simulação............................................passed
Then deve retornar status code de simulação alterada........................failed

StackTrace:
java.lang.AssertionError: expected:<201> but was:<500>
	at org.junit.Assert.fail(Assert.java:88)
	at org.junit.Assert.failNotEquals(Assert.java:834)
	at org.junit.Assert.assertEquals(Assert.java:645)
	at org.junit.Assert.assertEquals(Assert.java:631)
	at steps.stepdefs.deveRetornarStatusCodeDeSimulaçãoAlterada(stepdefs.java:256)
	at ✽.Then deve retornar status code de simulação alterada(src/test/java/features/Simulacoes.feature:112)
]]></failure>
</testcase>
<testcase classname="Simulacoes" name="Alterar atributo parcelas da simulação com sucesso" time="0.203407">
<failure message="java.lang.AssertionError: expected:&lt;201&gt; but was:&lt;500&gt;&#13;&#10;&#9;at org.junit.Assert.fail(Assert.java:88)&#13;&#10;&#9;at org.junit.Assert.failNotEquals(Assert.java:834)&#13;&#10;&#9;at org.junit.Assert.assertEquals(Assert.java:645)&#13;&#10;&#9;at org.junit.Assert.assertEquals(Assert.java:631)&#13;&#10;&#9;at steps.stepdefs.deveRetornarStatusCodeDeSimulaçãoAlterada(stepdefs.java:256)&#13;&#10;&#9;at ✽.Then deve retornar status code de simulação alterada(src/test/java/features/Simulacoes.feature:119)&#13;&#10;"><![CDATA[Given que configuro uma simulação com sucesso...............................passed
When solicito criar uma simulação...........................................passed
And informo a alteração que desejo realizar no número de parcelas...........passed
And solicito alterar a simulação............................................passed
Then deve retornar status code de simulação alterada........................failed

StackTrace:
java.lang.AssertionError: expected:<201> but was:<500>
	at org.junit.Assert.fail(Assert.java:88)
	at org.junit.Assert.failNotEquals(Assert.java:834)
	at org.junit.Assert.assertEquals(Assert.java:645)
	at org.junit.Assert.assertEquals(Assert.java:631)
	at steps.stepdefs.deveRetornarStatusCodeDeSimulaçãoAlterada(stepdefs.java:256)
	at ✽.Then deve retornar status code de simulação alterada(src/test/java/features/Simulacoes.feature:119)
]]></failure>
</testcase>
<testcase classname="Simulacoes" name="Alterar atributo seguro da simulação com sucesso" time="0.198938">
<failure message="java.lang.AssertionError: expected:&lt;201&gt; but was:&lt;200&gt;&#13;&#10;&#9;at org.junit.Assert.fail(Assert.java:88)&#13;&#10;&#9;at org.junit.Assert.failNotEquals(Assert.java:834)&#13;&#10;&#9;at org.junit.Assert.assertEquals(Assert.java:645)&#13;&#10;&#9;at org.junit.Assert.assertEquals(Assert.java:631)&#13;&#10;&#9;at steps.stepdefs.deveRetornarStatusCodeDeSimulaçãoAlterada(stepdefs.java:256)&#13;&#10;&#9;at ✽.Then deve retornar status code de simulação alterada(src/test/java/features/Simulacoes.feature:126)&#13;&#10;"><![CDATA[Given que configuro uma simulação com sucesso...............................passed
When solicito criar uma simulação...........................................passed
And informo a alteração que desejo realizar no seguro.......................passed
And solicito alterar a simulação............................................passed
Then deve retornar status code de simulação alterada........................failed

StackTrace:
java.lang.AssertionError: expected:<201> but was:<200>
	at org.junit.Assert.fail(Assert.java:88)
	at org.junit.Assert.failNotEquals(Assert.java:834)
	at org.junit.Assert.assertEquals(Assert.java:645)
	at org.junit.Assert.assertEquals(Assert.java:631)
	at steps.stepdefs.deveRetornarStatusCodeDeSimulaçãoAlterada(stepdefs.java:256)
	at ✽.Then deve retornar status code de simulação alterada(src/test/java/features/Simulacoes.feature:126)
]]></failure>
</testcase>
</testsuite>
